[debug] [2026-05-04T07:28:09.279Z] ----------------------------------------------------------------------
[debug] [2026-05-04T07:28:09.284Z] Command:       /opt/homebrew/Cellar/node/25.8.2/bin/node /opt/homebrew/bin/firebase init hosting
[debug] [2026-05-04T07:28:09.284Z] CLI Version:   15.16.0
[debug] [2026-05-04T07:28:09.284Z] Platform:      darwin
[debug] [2026-05-04T07:28:09.284Z] Node Version:  v25.8.2
[debug] [2026-05-04T07:28:09.284Z] Time:          Mon May 04 2026 12:58:09 GMT+0530 (India Standard Time)
[debug] [2026-05-04T07:28:09.285Z] ----------------------------------------------------------------------
[debug] 
[info] 
     ######## #### ########  ######## ########     ###     ######  ########
     ##        ##  ##     ## ##       ##     ##  ##   ##  ##       ##
     ######    ##  ########  ######   ########  #########  ######  ######
     ##        ##  ##    ##  ##       ##     ## ##     ##       ## ##
     ##       #### ##     ## ######## ########  ##     ##  ######  ########

You're about to initialize a Firebase project in this directory:

  /Users/nirmal/Github/b_WJjGmKXJ6U0 2

Before we get started, keep in mind:

  * You are initializing within an existing Firebase project directory

[info] 
=== Project Setup
[info] 
[info] First, let's associate this project directory with a Firebase project.
[info] You can create multiple project aliases by running firebase use --add, 
[info] 
[debug] [2026-05-04T07:28:09.881Z] > command requires scopes: ["email","openid","https://www.googleapis.com/auth/cloudplatformprojects.readonly","https://www.googleapis.com/auth/firebase","https://www.googleapis.com/auth/cloud-platform"]
[debug] [2026-05-04T07:28:09.882Z] > authorizing via signed-in user (connect@integratewise.ai)
[debug] [2026-05-04T07:28:09.882Z] Checked if tokens are valid: true, expires at: 1777883036224
[debug] [2026-05-04T07:28:09.882Z] Checked if tokens are valid: true, expires at: 1777883036224
[debug] [2026-05-04T07:28:09.882Z] >>> [apiv2][query] GET https://firebase.googleapis.com/v1beta1/projects/integratewise-staging [none]
[debug] [2026-05-04T07:28:10.397Z] <<< [apiv2][status] GET https://firebase.googleapis.com/v1beta1/projects/integratewise-staging 200
[debug] [2026-05-04T07:28:10.398Z] <<< [apiv2][body] GET https://firebase.googleapis.com/v1beta1/projects/integratewise-staging {"projectId":"integratewise-staging","projectNumber":"653103939382","displayName":"IntegrateWise Staging","name":"projects/integratewise-staging","resources":{"hostingSite":"integratewise-staging"},"state":"ACTIVE","etag":"1_7f378f15-ab30-4ee3-bba1-8964c9c85d98"}
[info] i  Using project integratewise-staging (IntegrateWise Staging) . 
[info] 
=== Hosting Setup
[info] 
[debug] [2026-05-04T07:28:24.722Z] Checked if tokens are valid: true, expires at: 1777883036224
[debug] [2026-05-04T07:28:24.723Z] Checked if tokens are valid: true, expires at: 1777883036224
[debug] [2026-05-04T07:28:24.723Z] >>> [apiv2][query] GET https://firebase.googleapis.com/v1beta1/projects/integratewise-staging [none]
[debug] [2026-05-04T07:28:25.131Z] <<< [apiv2][status] GET https://firebase.googleapis.com/v1beta1/projects/integratewise-staging 200
[debug] [2026-05-04T07:28:25.131Z] <<< [apiv2][body] GET https://firebase.googleapis.com/v1beta1/projects/integratewise-staging {"projectId":"integratewise-staging","projectNumber":"653103939382","displayName":"IntegrateWise Staging","name":"projects/integratewise-staging","resources":{"hostingSite":"integratewise-staging"},"state":"ACTIVE","etag":"1_7f378f15-ab30-4ee3-bba1-8964c9c85d98"}
[info] 
[info] Your public directory is the folder (relative to your project directory) that
[info] will contain Hosting assets to be uploaded with firebase deploy. If you
[info] have a build process for your assets, use your build's output directory.
[info] 
